IQ-TREE multicore version 1.6.12 for Mac OS X 64-bit built Aug 15 2019
Developed by Bui Quang Minh, Nguyen Lam Tung, Olga Chernomor,
Heiko Schmidt, Dominik Schrempf, Michael Woodhams.

Host:    Moon-Base-2.local (AVX2, FMA3, 32 GB RAM)
Command: executables/iqtree-1.6.12-MacOSX/bin/iqtree -s WORKING_DIRECTORY/removable_file.dat -m TEST -nt AUTO
Seed:    467447 (Using SPRNG - Scalable Parallel Random Number Generator)
Time:    Mon Jul 13 13:30:18 2020
Kernel:  AVX+FMA - auto-detect threads (8 CPU cores detected)

Reading alignment file WORKING_DIRECTORY/removable_file.dat ... Phylip format detected
Alignment most likely contains DNA/RNA sequences
Alignment has 4 sequences with 200 columns, 116 distinct patterns
36 parsimony-informative, 142 singleton sites, 22 constant sites
   Gap/Ambiguity  Composition  p-value
   1  A    0.00%    passed     79.45%
   2  B    0.00%    passed     65.15%
   3  C    0.00%    passed     80.00%
   4  D    0.00%    passed     64.93%
****  TOTAL    0.00%  0 sequences failed composition chi2 test (p-value<5%; df=3)

NOTE: Restoring information from model checkpoint file WORKING_DIRECTORY/removable_file.dat.model.gz

CHECKPOINT: Initial tree restored
NOTE: ModelFinder requires 0 MB RAM!
ModelFinder will test 88 DNA models (sample size: 200) ...
 No. Model         -LnL         df  AIC          AICc         BIC
  1  JC            1030.767     5   2071.535     2071.844     2088.026
  2  JC+I          1030.733     6   2073.465     2073.901     2093.255
  3  JC+G4         1030.749     6   2073.499     2073.934     2093.288
  4  JC+I+G4       1030.864     7   2075.727     2076.310     2098.815
  5  F81+F         1026.889     8   2069.778     2070.532     2096.165
  6  F81+F+I       1026.889     9   2071.778     2072.725     2101.463
  7  F81+F+G4      1026.893     9   2071.786     2072.734     2101.471
  8  F81+F+I+G4    1026.995     10  2073.990     2075.154     2106.973
  9  K2P           994.992      6   2001.984     2002.419     2021.774
 10  K2P+I         994.988      7   2003.976     2004.560     2027.065
 11  K2P+G4        994.974      7   2003.948     2004.532     2027.036
 12  K2P+I+G4      995.017      8   2006.033     2006.787     2032.420
 13  HKY+F         989.070      9   1996.141     1997.088     2025.825
 14  HKY+F+I       989.055      10  1998.109     1999.273     2031.092
 15  HKY+F+G4      989.050      10  1998.099     1999.263     2031.082
 16  HKY+F+I+G4    989.100      11  2000.200     2001.605     2036.482
 17  TNe           994.787      7   2003.574     2004.157     2026.662
 18  TNe+I         994.785      8   2005.570     2006.324     2031.956
 19  TNe+G4        994.765      8   2005.529     2006.283     2031.916
 20  TNe+I+G4      994.793      9   2007.587     2008.534     2037.272
 21  TN+F          989.009      10  1998.017     1999.181     2031.001
 22  TN+F+I        989.007      11  2000.014     2001.418     2036.296
 23  TN+F+G4       989.007      11  2000.013     2001.418     2036.295
 24  TN+F+I+G4     989.042      12  2002.085     2003.753     2041.664
 25  K3P           994.424      7   2002.847     2003.431     2025.935
 26  K3P+I         994.418      8   2004.836     2005.590     2031.223
 27  K3P+G4        994.411      8   2004.821     2005.575     2031.208
 28  K3P+I+G4      994.436      9   2006.871     2007.819     2036.556
 29  K3Pu+F        988.920      10  1997.840     1999.004     2030.823
 30  K3Pu+F+I      988.916      11  1999.833     2001.237     2036.114
 31  K3Pu+F+G4     988.916      11  1999.833     2001.237     2036.114
 32  K3Pu+F+I+G4   988.947      12  2001.894     2003.562     2041.474
 33  TPM2+F        986.967      10  1993.933     1995.097     2026.917
 34  TPM2+F+I      986.957      11  1995.914     1997.318     2032.195
 35  TPM2+F+G4     986.956      11  1995.912     1997.317     2032.194
 36  TPM2+F+I+G4   986.974      12  1997.948     1999.616     2037.528
 37  TPM2u+F       986.952      10  1993.903     1995.067     2026.887
 38  TPM2u+F+I     986.952      11  1995.903     1997.308     2032.185
 39  TPM2u+F+G4    986.953      11  1995.905     1997.309     2032.186
 40  TPM2u+F+I+G4  986.971      12  1997.942     1999.610     2037.522
 41  TPM3+F        988.881      10  1997.761     1998.925     2030.745
 42  TPM3+F+I      988.877      11  1999.755     2001.159     2036.036
 43  TPM3+F+G4     988.878      11  1999.756     2001.160     2036.037
 44  TPM3+F+I+G4   988.900      12  2001.799     2003.468     2041.379
 45  TPM3u+F       988.876      10  1997.753     1998.917     2030.736
 46  TPM3u+F+I     988.876      11  1999.753     2001.157     2036.034
 47  TPM3u+F+G4    988.877      11  1999.755     2001.159     2036.036
 48  TPM3u+F+I+G4  988.896      12  2001.792     2003.460     2041.371
 49  TIMe          994.214      8   2004.428     2005.182     2030.815
 50  TIMe+I        994.214      9   2006.428     2007.375     2036.113
 51  TIMe+G4       994.210      9   2006.420     2007.367     2036.105
 52  TIMe+I+G4     994.218      10  2008.436     2009.600     2041.419
 53  TIM+F         988.869      11  1999.739     2001.143     2036.020
 54  TIM+F+I       988.868      12  2001.736     2003.404     2041.316
 55  TIM+F+G4      988.869      12  2001.738     2003.406     2041.318
 56  TIM+F+I+G4    988.880      13  2003.760     2005.717     2046.639
 57  TIM2e         992.883      8   2001.767     2002.520     2028.153
 58  TIM2e+I       992.878      9   2003.755     2004.703     2033.440
 59  TIM2e+G4      992.873      9   2003.746     2004.694     2033.431
 60  TIM2e+I+G4    992.879      10  2005.758     2006.922     2038.741
 61  TIM2+F        986.903      11  1995.806     1997.210     2032.087
 62  TIM2+F+I      986.902      12  1997.805     1999.473     2037.385
 63  TIM2+F+G4     986.904      12  1997.807     1999.475     2037.387
 64  TIM2+F+I+G4   986.911      13  1999.822     2001.779     2042.700
 65  TIM3e         994.764      8   2005.528     2006.282     2031.915
 66  TIM3e+I       994.763      9   2007.526     2008.473     2037.211
 67  TIM3e+G4      994.750      9   2007.500     2008.448     2037.185
 68  TIM3e+I+G4    994.756      10  2009.512     2010.676     2042.495
 69  TIM3+F        988.826      11  1999.653     2001.057     2035.934
 70  TIM3+F+I      988.825      12  2001.650     2003.318     2041.230
 71  TIM3+F+G4     988.826      12  2001.651     2003.320     2041.231
 72  TIM3+F+I+G4   988.834      13  2003.668     2005.625     2046.546
 73  TVMe          992.299      9   2002.598     2003.545     2032.283
 74  TVMe+I        992.294      10  2004.588     2005.752     2037.571
 75  TVMe+G4       992.293      10  2004.586     2005.750     2037.569
 76  TVMe+I+G4     992.298      11  2006.595     2007.999     2042.877
 77  TVM+F         986.063      12  1996.125     1997.794     2035.705
 78  TVM+F+I       986.060      13  1998.120     2000.077     2040.998
 79  TVM+F+G4      986.062      13  1998.123     2000.080     2041.001
 80  TVM+F+I+G4    986.067      14  2000.135     2002.405     2046.311
 81  SYM           992.030      10  2004.059     2005.223     2037.042
 82  SYM+I         992.029      11  2006.058     2007.463     2042.340
 83  SYM+G4        992.029      11  2006.059     2007.463     2042.340
 84  SYM+I+G4      992.032      12  2008.064     2009.733     2047.644
 85  GTR+F         986.010      13  1998.019     1999.976     2040.897
 86  GTR+F+I       986.009      14  2000.019     2002.289     2046.195
 87  GTR+F+G4      986.011      14  2000.023     2002.293     2046.199
 88  GTR+F+I+G4    986.016      15  2002.031     2004.640     2051.506
Akaike Information Criterion:           TPM2u+F
Corrected Akaike Information Criterion: TPM2u+F
Bayesian Information Criterion:         K2P
Best-fit model: K2P chosen according to BIC

All model information printed to WORKING_DIRECTORY/removable_file.dat.model.gz
CPU time for ModelFinder: 0.005 seconds (0h:0m:0s)
Wall-clock time for ModelFinder: 0.006 seconds (0h:0m:0s)

NOTE: 0 MB RAM (0 GB) is required!
Measuring multi-threading efficiency up to 8 CPU cores
Increase to 10 rounds for branch lengths
